1664117453492	geckodriver	INFO	Listening on 127.0.0.1:8501
1664117456567	mozrunner::runner	INFO	Running command: "C:\\Program Files\\Mozilla Firefox\\firefox.exe" "--marionette" "--remote-debugging-port" "8502" "--remote-allow-hosts" "localhost" "-no-remote" "-profile" "C:\\Users\\NUC\\AppData\\Local\\Temp\\rust_mozprofileb6jcTm"
1664117456866	Marionette	INFO	Marionette enabled
1664117456871	Marionette	INFO	Listening on port 8513
Read port: 8513
WebDriver BiDi listening on ws://127.0.0.1:8502
1664117457000	RemoteAgent	WARN	TLS certificate errors will be ignored for this session
console.warn: SearchSettings: "get: No settings file exists, new profile?" (new NotFoundError("Could not open the file at C:\\Users\\NUC\\AppData\\Local\\Temp\\rust_mozprofileb6jcTm\\search.json.mozlz4", (void 0)))
DevTools listening on ws://127.0.0.1:8502/devtools/browser/f205f60c-350a-418e-bdeb-d756bd19f39a
JavaScript warning: https://s3plus.meituan.net/v1/mss_f231eb419c414559a1837748d11d4312/yoda-resources/necaptcha/index.js, line 1: WEBGL_debug_renderer_info is deprecated in Firefox and will be removed. Please use RENDERER.
JavaScript warning: https://s3plus.meituan.net/v1/mss_f231eb419c414559a1837748d11d4312/yoda-resources/necaptcha/index.js, line 1: WEBGL_debug_renderer_info is deprecated in Firefox and will be removed. Please use RENDERER.
JavaScript warning: https://s3plus.meituan.net/v1/mss_f231eb419c414559a1837748d11d4312/yoda-resources/necaptcha/index.js, line 1: WEBGL_debug_renderer_info is deprecated in Firefox and will be removed. Please use RENDERER.
JavaScript warning: https://s3plus.meituan.net/static-prod01/com.sankuai.secfe.yoda-files/d/js/yoda.9a4c52777ab29de6.js, line 3: WEBGL_debug_renderer_info is deprecated in Firefox and will be removed. Please use RENDERER.
JavaScript warning: https://s3plus.meituan.net/static-prod01/com.sankuai.secfe.yoda-files/d/js/yoda.9a4c52777ab29de6.js, line 3: WEBGL_debug_renderer_info is deprecated in Firefox and will be removed. Please use RENDERER.
JavaScript warning: https://s3plus.meituan.net/static-prod01/com.sankuai.secfe.yoda-files/d/js/yoda.9a4c52777ab29de6.js, line 3: WEBGL_debug_renderer_info is deprecated in Firefox and will be removed. Please use RENDERER.
JavaScript warning: https://s3plus.meituan.net/static-prod01/com.sankuai.secfe.yoda-files/d/js/slider.3fd4a17a06.js, line 1: WEBGL_debug_renderer_info is deprecated in Firefox and will be removed. Please use RENDERER.
JavaScript warning: https://s3plus.meituan.net/static-prod01/com.sankuai.secfe.yoda-files/d/js/slider.3fd4a17a06.js, line 1: WEBGL_debug_renderer_info is deprecated in Firefox and will be removed. Please use RENDERER.
JavaScript warning: https://s3plus.meituan.net/static-prod01/com.sankuai.secfe.yoda-files/d/js/slider.3fd4a17a06.js, line 1: WEBGL_debug_renderer_info is deprecated in Firefox and will be removed. Please use RENDERER.
JavaScript warning: https://s3plus.meituan.net/static-prod01/com.sankuai.secfe.yoda-files/d/js/slider.3fd4a17a06.js, line 1: WEBGL_debug_renderer_info is deprecated in Firefox and will be removed. Please use RENDERER.
JavaScript warning: https://s3plus.meituan.net/static-prod01/com.sankuai.secfe.yoda-files/d/js/slider.3fd4a17a06.js, line 1: WEBGL_debug_renderer_info is deprecated in Firefox and will be removed. Please use RENDERER.
1664117465630	Marionette	INFO	Stopped listening on port 8513
[Parent 19092, IPC I/O Parent] WARNING: file /builds/worker/checkouts/gecko/ipc/chromium/src/base/process_util_win.cc:167
JavaScript error: , line 0: AbortError: The operation was aborted. 
1664117475818	geckodriver	INFO	Listening on 127.0.0.1:8575
1664117478885	mozrunner::runner	INFO	Running command: "C:\\Program Files\\Mozilla Firefox\\firefox.exe" "--marionette" "--remote-debugging-port" "8576" "--remote-allow-hosts" "localhost" "-no-remote" "-profile" "C:\\Users\\NUC\\AppData\\Local\\Temp\\rust_mozprofilek0fJMo"
1664117479153	Marionette	INFO	Marionette enabled
1664117479156	Marionette	INFO	Listening on port 8595
Read port: 8595
WebDriver BiDi listening on ws://127.0.0.1:8576
1664117479243	RemoteAgent	WARN	TLS certificate errors will be ignored for this session
console.warn: SearchSettings: "get: No settings file exists, new profile?" (new NotFoundError("Could not open the file at C:\\Users\\NUC\\AppData\\Local\\Temp\\rust_mozprofilek0fJMo\\search.json.mozlz4", (void 0)))
DevTools listening on ws://127.0.0.1:8576/devtools/browser/8985f802-6dc7-4850-bfe9-d9fcd7056067
JavaScript warning: https://s3plus.meituan.net/v1/mss_f231eb419c414559a1837748d11d4312/yoda-resources/necaptcha/index.js, line 1: WEBGL_debug_renderer_info is deprecated in Firefox and will be removed. Please use RENDERER.
JavaScript warning: https://s3plus.meituan.net/v1/mss_f231eb419c414559a1837748d11d4312/yoda-resources/necaptcha/index.js, line 1: WEBGL_debug_renderer_info is deprecated in Firefox and will be removed. Please use RENDERER.
JavaScript warning: https://s3plus.meituan.net/v1/mss_f231eb419c414559a1837748d11d4312/yoda-resources/necaptcha/index.js, line 1: WEBGL_debug_renderer_info is deprecated in Firefox and will be removed. Please use RENDERER.
JavaScript warning: https://s3plus.meituan.net/static-prod01/com.sankuai.secfe.yoda-files/d/js/yoda.9a4c52777ab29de6.js, line 3: WEBGL_debug_renderer_info is deprecated in Firefox and will be removed. Please use RENDERER.
JavaScript warning: https://s3plus.meituan.net/static-prod01/com.sankuai.secfe.yoda-files/d/js/yoda.9a4c52777ab29de6.js, line 3: WEBGL_debug_renderer_info is deprecated in Firefox and will be removed. Please use RENDERER.
JavaScript warning: https://s3plus.meituan.net/static-prod01/com.sankuai.secfe.yoda-files/d/js/yoda.9a4c52777ab29de6.js, line 3: WEBGL_debug_renderer_info is deprecated in Firefox and will be removed. Please use RENDERER.
JavaScript warning: https://s3plus.meituan.net/static-prod01/com.sankuai.secfe.yoda-files/d/js/slider.3fd4a17a06.js, line 1: WEBGL_debug_renderer_info is deprecated in Firefox and will be removed. Please use RENDERER.
JavaScript warning: https://s3plus.meituan.net/static-prod01/com.sankuai.secfe.yoda-files/d/js/slider.3fd4a17a06.js, line 1: WEBGL_debug_renderer_info is deprecated in Firefox and will be removed. Please use RENDERER.
JavaScript warning: https://s3plus.meituan.net/static-prod01/com.sankuai.secfe.yoda-files/d/js/slider.3fd4a17a06.js, line 1: WEBGL_debug_renderer_info is deprecated in Firefox and will be removed. Please use RENDERER.
JavaScript warning: https://s3plus.meituan.net/static-prod01/com.sankuai.secfe.yoda-files/d/js/slider.3fd4a17a06.js, line 1: WEBGL_debug_renderer_info is deprecated in Firefox and will be removed. Please use RENDERER.
JavaScript warning: https://s3plus.meituan.net/static-prod01/com.sankuai.secfe.yoda-files/d/js/slider.3fd4a17a06.js, line 1: WEBGL_debug_renderer_info is deprecated in Firefox and will be removed. Please use RENDERER.
1664117490426	Marionette	INFO	Stopped listening on port 8595
[Parent 15064, IPC I/O Parent] WARNING: file /builds/worker/checkouts/gecko/ipc/chromium/src/base/process_util_win.cc:167
JavaScript error: , line 0: AbortError: The operation was aborted. 
console.error: services.settings: 
  main/query-stripping Signature failed  TypeError: NetworkError: Network request failed
1664117758459	geckodriver	INFO	Listening on 127.0.0.1:8989
1664117761498	mozrunner::runner	INFO	Running command: "C:\\Program Files\\Mozilla Firefox\\firefox.exe" "--marionette" "--remote-debugging-port" "8990" "--remote-allow-hosts" "localhost" "-no-remote" "-profile" "C:\\Users\\NUC\\AppData\\Local\\Temp\\rust_mozprofile62X4SP"
1664117761742	Marionette	INFO	Marionette enabled
1664117761747	Marionette	INFO	Listening on port 9016
WebDriver BiDi listening on ws://127.0.0.1:8990
Read port: 9016
1664117761946	RemoteAgent	WARN	TLS certificate errors will be ignored for this session
console.warn: SearchSettings: "get: No settings file exists, new profile?" (new NotFoundError("Could not open the file at C:\\Users\\NUC\\AppData\\Local\\Temp\\rust_mozprofile62X4SP\\search.json.mozlz4", (void 0)))
DevTools listening on ws://127.0.0.1:8990/devtools/browser/5d7c35d0-55d2-47cb-8869-ffdf715a80e2
JavaScript warning: https://s3plus.meituan.net/v1/mss_f231eb419c414559a1837748d11d4312/yoda-resources/necaptcha/index.js, line 1: WEBGL_debug_renderer_info is deprecated in Firefox and will be removed. Please use RENDERER.
JavaScript warning: https://s3plus.meituan.net/v1/mss_f231eb419c414559a1837748d11d4312/yoda-resources/necaptcha/index.js, line 1: WEBGL_debug_renderer_info is deprecated in Firefox and will be removed. Please use RENDERER.
JavaScript warning: https://s3plus.meituan.net/v1/mss_f231eb419c414559a1837748d11d4312/yoda-resources/necaptcha/index.js, line 1: WEBGL_debug_renderer_info is deprecated in Firefox and will be removed. Please use RENDERER.
JavaScript warning: https://s3plus.meituan.net/static-prod01/com.sankuai.secfe.yoda-files/d/js/yoda.9a4c52777ab29de6.js, line 3: WEBGL_debug_renderer_info is deprecated in Firefox and will be removed. Please use RENDERER.
JavaScript warning: https://s3plus.meituan.net/static-prod01/com.sankuai.secfe.yoda-files/d/js/yoda.9a4c52777ab29de6.js, line 3: WEBGL_debug_renderer_info is deprecated in Firefox and will be removed. Please use RENDERER.
JavaScript warning: https://s3plus.meituan.net/static-prod01/com.sankuai.secfe.yoda-files/d/js/yoda.9a4c52777ab29de6.js, line 3: WEBGL_debug_renderer_info is deprecated in Firefox and will be removed. Please use RENDERER.
JavaScript warning: https://s3plus.meituan.net/static-prod01/com.sankuai.secfe.yoda-files/d/js/slider.3fd4a17a06.js, line 1: WEBGL_debug_renderer_info is deprecated in Firefox and will be removed. Please use RENDERER.
JavaScript warning: https://s3plus.meituan.net/static-prod01/com.sankuai.secfe.yoda-files/d/js/slider.3fd4a17a06.js, line 1: WEBGL_debug_renderer_info is deprecated in Firefox and will be removed. Please use RENDERER.
JavaScript warning: https://s3plus.meituan.net/static-prod01/com.sankuai.secfe.yoda-files/d/js/slider.3fd4a17a06.js, line 1: WEBGL_debug_renderer_info is deprecated in Firefox and will be removed. Please use RENDERER.
JavaScript warning: https://s3plus.meituan.net/static-prod01/com.sankuai.secfe.yoda-files/d/js/slider.3fd4a17a06.js, line 1: WEBGL_debug_renderer_info is deprecated in Firefox and will be removed. Please use RENDERER.
JavaScript warning: https://s3plus.meituan.net/static-prod01/com.sankuai.secfe.yoda-files/d/js/slider.3fd4a17a06.js, line 1: WEBGL_debug_renderer_info is deprecated in Firefox and will be removed. Please use RENDERER.
console.error: Region.jsm: "Error fetching region" (new Error("TIMEOUT", "resource://gre/modules/Region.jsm", 768))
console.error: Region.jsm: "Failed to fetch region" (new Error("TIMEOUT", "resource://gre/modules/Region.jsm", 420))
1664117769048	Marionette	INFO	Stopped listening on port 9016
JavaScript error: , line 0: AbortError: The operation was aborted. 
[Parent 10204, IPC I/O Parent] WARNING: file /builds/worker/checkouts/gecko/ipc/chromium/src/base/process_util_win.cc:167
1664117773073	geckodriver	INFO	Listening on 127.0.0.1:9062
1664117776176	mozrunner::runner	INFO	Running command: "C:\\Program Files\\Mozilla Firefox\\firefox.exe" "--marionette" "--disable-blink-features" "--disable-blink-features=AutomationControlled" "--remote-debugging-port" "9063" "--remote-allow-hosts" "localhost" "-no-remote" "-profile" "C:\\Users\\NUC\\AppData\\Local\\Temp\\rust_mozprofileJhIuK7"
1664117776425	Marionette	INFO	Marionette enabled
1664117776428	Marionette	INFO	Listening on port 9074
WebDriver BiDi listening on ws://127.0.0.1:9063
Read port: 9074
1664117776599	RemoteAgent	WARN	TLS certificate errors will be ignored for this session
console.warn: SearchSettings: "get: No settings file exists, new profile?" (new NotFoundError("Could not open the file at C:\\Users\\NUC\\AppData\\Local\\Temp\\rust_mozprofileJhIuK7\\search.json.mozlz4", (void 0)))
DevTools listening on ws://127.0.0.1:9063/devtools/browser/69f57d04-a4c0-4857-9925-e551432510c0
1664117791634	geckodriver	INFO	Listening on 127.0.0.1:9139
1664117794724	mozrunner::runner	INFO	Running command: "C:\\Program Files\\Mozilla Firefox\\firefox.exe" "--marionette" "--disable-blink-features" "--disable-blink-features=AutomationControlled" "--remote-debugging-port" "9140" "--remote-allow-hosts" "localhost" "-no-remote" "-profile" "C:\\Users\\NUC\\AppData\\Local\\Temp\\rust_mozprofiledaoUqB"
1664117794972	Marionette	INFO	Marionette enabled
1664117794975	Marionette	INFO	Listening on port 9157
WebDriver BiDi listening on ws://127.0.0.1:9140
Read port: 9157
1664117795178	RemoteAgent	WARN	TLS certificate errors will be ignored for this session
console.warn: SearchSettings: "get: No settings file exists, new profile?" (new NotFoundError("Could not open the file at C:\\Users\\NUC\\AppData\\Local\\Temp\\rust_mozprofiledaoUqB\\search.json.mozlz4", (void 0)))
DevTools listening on ws://127.0.0.1:9140/devtools/browser/f6c3cc2c-3c8c-44ae-8583-7dc6f1d5009f
console.error: Region.jsm: "Error fetching region" (new Error("TIMEOUT", "resource://gre/modules/Region.jsm", 768))
console.error: Region.jsm: "Failed to fetch region" (new Error("TIMEOUT", "resource://gre/modules/Region.jsm", 420))
1664117927147	geckodriver	INFO	Listening on 127.0.0.1:9559
1664117930196	mozrunner::runner	INFO	Running command: "C:\\Program Files\\Mozilla Firefox\\firefox.exe" "--marionette" "--disable-blink-features" "--disable-blink-features=AutomationControlled" "--remote-debugging-port" "9560" "--remote-allow-hosts" "localhost" "-no-remote" "-profile" "C:\\Users\\NUC\\AppData\\Local\\Temp\\rust_mozprofilerpDFg6"
1664117930448	Marionette	INFO	Marionette enabled
1664117930452	Marionette	INFO	Listening on port 9572
WebDriver BiDi listening on ws://127.0.0.1:9560
Read port: 9572
1664117930624	RemoteAgent	WARN	TLS certificate errors will be ignored for this session
console.warn: SearchSettings: "get: No settings file exists, new profile?" (new NotFoundError("Could not open the file at C:\\Users\\NUC\\AppData\\Local\\Temp\\rust_mozprofilerpDFg6\\search.json.mozlz4", (void 0)))
DevTools listening on ws://127.0.0.1:9560/devtools/browser/210be0d2-a7c1-44e0-ba46-5348a28628fb
1664117983398	geckodriver	INFO	Listening on 127.0.0.1:9648
1664117986464	mozrunner::runner	INFO	Running command: "C:\\Program Files\\Mozilla Firefox\\firefox.exe" "--marionette" "--disable-blink-features" "--remote-debugging-port" "9649" "--remote-allow-hosts" "localhost" "-no-remote" "-profile" "C:\\Users\\NUC\\AppData\\Local\\Temp\\rust_mozprofileSrFnjL"
1664117986726	Marionette	INFO	Marionette enabled
1664117986730	Marionette	INFO	Listening on port 9660
Read port: 9660
WebDriver BiDi listening on ws://127.0.0.1:9649
1664117986807	RemoteAgent	WARN	TLS certificate errors will be ignored for this session
console.warn: SearchSettings: "get: No settings file exists, new profile?" (new NotFoundError("Could not open the file at C:\\Users\\NUC\\AppData\\Local\\Temp\\rust_mozprofileSrFnjL\\search.json.mozlz4", (void 0)))
DevTools listening on ws://127.0.0.1:9649/devtools/browser/13233bde-0b4f-40f6-910d-d6ef10af16d9
JavaScript warning: https://s3plus.meituan.net/v1/mss_f231eb419c414559a1837748d11d4312/yoda-resources/necaptcha/index.js, line 1: WEBGL_debug_renderer_info is deprecated in Firefox and will be removed. Please use RENDERER.
JavaScript warning: https://s3plus.meituan.net/v1/mss_f231eb419c414559a1837748d11d4312/yoda-resources/necaptcha/index.js, line 1: WEBGL_debug_renderer_info is deprecated in Firefox and will be removed. Please use RENDERER.
JavaScript warning: https://s3plus.meituan.net/v1/mss_f231eb419c414559a1837748d11d4312/yoda-resources/necaptcha/index.js, line 1: WEBGL_debug_renderer_info is deprecated in Firefox and will be removed. Please use RENDERER.
JavaScript warning: https://s3plus.meituan.net/static-prod01/com.sankuai.secfe.yoda-files/d/js/yoda.9a4c52777ab29de6.js, line 3: WEBGL_debug_renderer_info is deprecated in Firefox and will be removed. Please use RENDERER.
JavaScript warning: https://s3plus.meituan.net/static-prod01/com.sankuai.secfe.yoda-files/d/js/yoda.9a4c52777ab29de6.js, line 3: WEBGL_debug_renderer_info is deprecated in Firefox and will be removed. Please use RENDERER.
JavaScript warning: https://s3plus.meituan.net/static-prod01/com.sankuai.secfe.yoda-files/d/js/yoda.9a4c52777ab29de6.js, line 3: WEBGL_debug_renderer_info is deprecated in Firefox and will be removed. Please use RENDERER.
JavaScript warning: https://s3plus.meituan.net/static-prod01/com.sankuai.secfe.yoda-files/d/js/slider.3fd4a17a06.js, line 1: WEBGL_debug_renderer_info is deprecated in Firefox and will be removed. Please use RENDERER.
JavaScript warning: https://s3plus.meituan.net/static-prod01/com.sankuai.secfe.yoda-files/d/js/slider.3fd4a17a06.js, line 1: WEBGL_debug_renderer_info is deprecated in Firefox and will be removed. Please use RENDERER.
JavaScript warning: https://s3plus.meituan.net/static-prod01/com.sankuai.secfe.yoda-files/d/js/slider.3fd4a17a06.js, line 1: WEBGL_debug_renderer_info is deprecated in Firefox and will be removed. Please use RENDERER.
JavaScript warning: https://s3plus.meituan.net/static-prod01/com.sankuai.secfe.yoda-files/d/js/slider.3fd4a17a06.js, line 1: WEBGL_debug_renderer_info is deprecated in Firefox and will be removed. Please use RENDERER.
JavaScript warning: https://s3plus.meituan.net/static-prod01/com.sankuai.secfe.yoda-files/d/js/slider.3fd4a17a06.js, line 1: WEBGL_debug_renderer_info is deprecated in Firefox and will be removed. Please use RENDERER.
1664117996793	geckodriver	INFO	Listening on 127.0.0.1:9715
1664117999884	mozrunner::runner	INFO	Running command: "C:\\Program Files\\Mozilla Firefox\\firefox.exe" "--marionette" "--disable-blink-features=AutomationControlled" "--remote-debugging-port" "9716" "--remote-allow-hosts" "localhost" "-no-remote" "-profile" "C:\\Users\\NUC\\AppData\\Local\\Temp\\rust_mozprofileNZTorD"
1664118000115	Marionette	INFO	Marionette enabled
1664118000118	Marionette	INFO	Listening on port 9727
WebDriver BiDi listening on ws://127.0.0.1:9716
Read port: 9727
1664118000310	RemoteAgent	WARN	TLS certificate errors will be ignored for this session
console.warn: SearchSettings: "get: No settings file exists, new profile?" (new NotFoundError("Could not open the file at C:\\Users\\NUC\\AppData\\Local\\Temp\\rust_mozprofileNZTorD\\search.json.mozlz4", (void 0)))
DevTools listening on ws://127.0.0.1:9716/devtools/browser/7c6c6349-a65d-40f7-b315-665f573d3425
JavaScript warning: https://s3plus.meituan.net/v1/mss_f231eb419c414559a1837748d11d4312/yoda-resources/necaptcha/index.js, line 1: WEBGL_debug_renderer_info is deprecated in Firefox and will be removed. Please use RENDERER.
JavaScript warning: https://s3plus.meituan.net/v1/mss_f231eb419c414559a1837748d11d4312/yoda-resources/necaptcha/index.js, line 1: WEBGL_debug_renderer_info is deprecated in Firefox and will be removed. Please use RENDERER.
JavaScript warning: https://s3plus.meituan.net/v1/mss_f231eb419c414559a1837748d11d4312/yoda-resources/necaptcha/index.js, line 1: WEBGL_debug_renderer_info is deprecated in Firefox and will be removed. Please use RENDERER.
JavaScript warning: https://s3plus.meituan.net/static-prod01/com.sankuai.secfe.yoda-files/d/js/yoda.9a4c52777ab29de6.js, line 3: WEBGL_debug_renderer_info is deprecated in Firefox and will be removed. Please use RENDERER.
JavaScript warning: https://s3plus.meituan.net/static-prod01/com.sankuai.secfe.yoda-files/d/js/yoda.9a4c52777ab29de6.js, line 3: WEBGL_debug_renderer_info is deprecated in Firefox and will be removed. Please use RENDERER.
JavaScript warning: https://s3plus.meituan.net/static-prod01/com.sankuai.secfe.yoda-files/d/js/yoda.9a4c52777ab29de6.js, line 3: WEBGL_debug_renderer_info is deprecated in Firefox and will be removed. Please use RENDERER.
JavaScript warning: https://s3plus.meituan.net/static-prod01/com.sankuai.secfe.yoda-files/d/js/slider.3fd4a17a06.js, line 1: WEBGL_debug_renderer_info is deprecated in Firefox and will be removed. Please use RENDERER.
JavaScript warning: https://s3plus.meituan.net/static-prod01/com.sankuai.secfe.yoda-files/d/js/slider.3fd4a17a06.js, line 1: WEBGL_debug_renderer_info is deprecated in Firefox and will be removed. Please use RENDERER.
JavaScript warning: https://s3plus.meituan.net/static-prod01/com.sankuai.secfe.yoda-files/d/js/slider.3fd4a17a06.js, line 1: WEBGL_debug_renderer_info is deprecated in Firefox and will be removed. Please use RENDERER.
JavaScript warning: https://s3plus.meituan.net/static-prod01/com.sankuai.secfe.yoda-files/d/js/slider.3fd4a17a06.js, line 1: WEBGL_debug_renderer_info is deprecated in Firefox and will be removed. Please use RENDERER.
JavaScript warning: https://s3plus.meituan.net/static-prod01/com.sankuai.secfe.yoda-files/d/js/slider.3fd4a17a06.js, line 1: WEBGL_debug_renderer_info is deprecated in Firefox and will be removed. Please use RENDERER.
console.error: Region.jsm: "Error fetching region" (new Error("TIMEOUT", "resource://gre/modules/Region.jsm", 768))
console.error: Region.jsm: "Failed to fetch region" (new Error("TIMEOUT", "resource://gre/modules/Region.jsm", 420))
1664118015025	Marionette	INFO	Stopped listening on port 9727
[Parent 19476, IPC I/O Parent] WARNING: file /builds/worker/checkouts/gecko/ipc/chromium/src/base/process_util_win.cc:167
JavaScript error: , line 0: AbortError: The operation was aborted. 
1664153738349	geckodriver	INFO	Listening on 127.0.0.1:9659
1664153741421	mozrunner::runner	INFO	Running command: "C:\\Program Files\\Mozilla Firefox\\firefox.exe" "--marionette" "--disable-blink-features" "--disable-blink-features=AutomationControlled" "--remote-debugging-port" "9660" "--remote-allow-hosts" "localhost" "-no-remote" "-profile" "C:\\Users\\NUC\\AppData\\Local\\Temp\\rust_mozprofilef6BnU4"
1664153741762	Marionette	INFO	Marionette enabled
1664153741766	Marionette	INFO	Listening on port 9682
Read port: 9682
WebDriver BiDi listening on ws://127.0.0.1:9660
1664153741866	RemoteAgent	WARN	TLS certificate errors will be ignored for this session
1664153743828	geckodriver	INFO	Listening on 127.0.0.1:9691
1664153746897	mozrunner::runner	INFO	Running command: "C:\\Program Files\\Mozilla Firefox\\firefox.exe" "--marionette" "--disable-blink-features" "--disable-blink-features=AutomationControlled" "--remote-debugging-port" "9692" "--remote-allow-hosts" "localhost" "-no-remote" "-profile" "C:\\Users\\NUC\\AppData\\Local\\Temp\\rust_mozprofiles04LEl"
1664153747127	Marionette	INFO	Marionette enabled
1664153747130	Marionette	INFO	Listening on port 9719
WebDriver BiDi listening on ws://127.0.0.1:9692
Read port: 9719
1664153747347	RemoteAgent	WARN	TLS certificate errors will be ignored for this session
console.warn: SearchSettings: "get: No settings file exists, new profile?" (new NotFoundError("Could not open the file at C:\\Users\\NUC\\AppData\\Local\\Temp\\rust_mozprofiles04LEl\\search.json.mozlz4", (void 0)))
DevTools listening on ws://127.0.0.1:9692/devtools/browser/8dceb9b5-176b-4d90-b645-f6584dd56203
1664153769373	geckodriver	INFO	Listening on 127.0.0.1:10978
1664153772444	mozrunner::runner	INFO	Running command: "C:\\Program Files\\Mozilla Firefox\\firefox.exe" "--marionette" "--disable-blink-features" "--disable-blink-features=AutomationControlled" "--remote-debugging-port" "10979" "--remote-allow-hosts" "localhost" "-no-remote" "-profile" "C:\\Users\\NUC\\AppData\\Local\\Temp\\rust_mozprofileNSLmn5"
1664153772751	Marionette	INFO	Marionette enabled
1664153772754	Marionette	INFO	Listening on port 10991
Read port: 10991
WebDriver BiDi listening on ws://127.0.0.1:10979
1664153772847	RemoteAgent	WARN	TLS certificate errors will be ignored for this session
console.warn: SearchSettings: "get: No settings file exists, new profile?" (new NotFoundError("Could not open the file at C:\\Users\\NUC\\AppData\\Local\\Temp\\rust_mozprofileNSLmn5\\search.json.mozlz4", (void 0)))
DevTools listening on ws://127.0.0.1:10979/devtools/browser/4dd8b3a0-1c20-4e55-a8d6-c01680117315
1664153821017	geckodriver	INFO	Listening on 127.0.0.1:11153
1664153824081	mozrunner::runner	INFO	Running command: "C:\\Program Files\\Mozilla Firefox\\firefox.exe" "--marionette" "--remote-debugging-port" "11154" "--remote-allow-hosts" "localhost" "-no-remote" "-profile" "C:\\Users\\NUC\\AppData\\Local\\Temp\\rust_mozprofileSOhYkm"
1664153824357	Marionette	INFO	Marionette enabled
1664153824360	Marionette	INFO	Listening on port 11170
Read port: 11170
WebDriver BiDi listening on ws://127.0.0.1:11154
1664153824465	RemoteAgent	WARN	TLS certificate errors will be ignored for this session
console.warn: SearchSettings: "get: No settings file exists, new profile?" (new NotFoundError("Could not open the file at C:\\Users\\NUC\\AppData\\Local\\Temp\\rust_mozprofileSOhYkm\\search.json.mozlz4", (void 0)))
DevTools listening on ws://127.0.0.1:11154/devtools/browser/74a097e6-27e8-46ee-8233-2466fb1a723c
JavaScript warning: https://s3plus.meituan.net/v1/mss_f231eb419c414559a1837748d11d4312/yoda-resources/necaptcha/index.js, line 1: WEBGL_debug_renderer_info is deprecated in Firefox and will be removed. Please use RENDERER.
JavaScript warning: https://s3plus.meituan.net/v1/mss_f231eb419c414559a1837748d11d4312/yoda-resources/necaptcha/index.js, line 1: WEBGL_debug_renderer_info is deprecated in Firefox and will be removed. Please use RENDERER.
JavaScript warning: https://s3plus.meituan.net/v1/mss_f231eb419c414559a1837748d11d4312/yoda-resources/necaptcha/index.js, line 1: WEBGL_debug_renderer_info is deprecated in Firefox and will be removed. Please use RENDERER.
JavaScript warning: https://s3plus.meituan.net/static-prod01/com.sankuai.secfe.yoda-files/d/js/yoda.9a4c52777ab29de6.js, line 3: WEBGL_debug_renderer_info is deprecated in Firefox and will be removed. Please use RENDERER.
JavaScript warning: https://s3plus.meituan.net/static-prod01/com.sankuai.secfe.yoda-files/d/js/yoda.9a4c52777ab29de6.js, line 3: WEBGL_debug_renderer_info is deprecated in Firefox and will be removed. Please use RENDERER.
JavaScript warning: https://s3plus.meituan.net/static-prod01/com.sankuai.secfe.yoda-files/d/js/yoda.9a4c52777ab29de6.js, line 3: WEBGL_debug_renderer_info is deprecated in Firefox and will be removed. Please use RENDERER.
JavaScript warning: https://s3plus.meituan.net/static-prod01/com.sankuai.secfe.yoda-files/d/js/slider.3fd4a17a06.js, line 1: WEBGL_debug_renderer_info is deprecated in Firefox and will be removed. Please use RENDERER.
JavaScript warning: https://s3plus.meituan.net/static-prod01/com.sankuai.secfe.yoda-files/d/js/slider.3fd4a17a06.js, line 1: WEBGL_debug_renderer_info is deprecated in Firefox and will be removed. Please use RENDERER.
JavaScript warning: https://s3plus.meituan.net/static-prod01/com.sankuai.secfe.yoda-files/d/js/slider.3fd4a17a06.js, line 1: WEBGL_debug_renderer_info is deprecated in Firefox and will be removed. Please use RENDERER.
JavaScript warning: https://s3plus.meituan.net/static-prod01/com.sankuai.secfe.yoda-files/d/js/slider.3fd4a17a06.js, line 1: WEBGL_debug_renderer_info is deprecated in Firefox and will be removed. Please use RENDERER.
JavaScript warning: https://s3plus.meituan.net/static-prod01/com.sankuai.secfe.yoda-files/d/js/slider.3fd4a17a06.js, line 1: WEBGL_debug_renderer_info is deprecated in Firefox and will be removed. Please use RENDERER.
JavaScript error: , line 0: AbortError: The operation was aborted. 
1664153854081	Marionette	INFO	Stopped listening on port 11170
console.warn: TopSitesFeed: Failed to fetch data from Contile server: NetworkError when attempting to fetch resource.
1664154059687	geckodriver	INFO	Listening on 127.0.0.1:7272
1664154062747	mozrunner::runner	INFO	Running command: "C:\\Program Files\\Mozilla Firefox\\firefox.exe" "--marionette" "--disable-blink-features=AutomationControlled" "--remote-debugging-port" "7273" "--remote-allow-hosts" "localhost" "-no-remote" "-profile" "C:\\Users\\NUC\\AppData\\Local\\Temp\\rust_mozprofileEjCN8k"
1664154062980	Marionette	INFO	Marionette enabled
1664154062982	Marionette	INFO	Listening on port 1047
WebDriver BiDi listening on ws://127.0.0.1:7273
Read port: 1047
1664154063178	RemoteAgent	WARN	TLS certificate errors will be ignored for this session
console.warn: SearchSettings: "get: No settings file exists, new profile?" (new NotFoundError("Could not open the file at C:\\Users\\NUC\\AppData\\Local\\Temp\\rust_mozprofileEjCN8k\\search.json.mozlz4", (void 0)))
DevTools listening on ws://127.0.0.1:7273/devtools/browser/0c67fdcf-f67b-4b08-a005-b9799deded0e
JavaScript warning: https://s3plus.meituan.net/v1/mss_f231eb419c414559a1837748d11d4312/yoda-resources/necaptcha/index.js, line 1: WEBGL_debug_renderer_info is deprecated in Firefox and will be removed. Please use RENDERER.
JavaScript warning: https://s3plus.meituan.net/v1/mss_f231eb419c414559a1837748d11d4312/yoda-resources/necaptcha/index.js, line 1: WEBGL_debug_renderer_info is deprecated in Firefox and will be removed. Please use RENDERER.
JavaScript warning: https://s3plus.meituan.net/v1/mss_f231eb419c414559a1837748d11d4312/yoda-resources/necaptcha/index.js, line 1: WEBGL_debug_renderer_info is deprecated in Firefox and will be removed. Please use RENDERER.
JavaScript warning: https://s3plus.meituan.net/static-prod01/com.sankuai.secfe.yoda-files/d/js/yoda.9a4c52777ab29de6.js, line 3: WEBGL_debug_renderer_info is deprecated in Firefox and will be removed. Please use RENDERER.
JavaScript warning: https://s3plus.meituan.net/static-prod01/com.sankuai.secfe.yoda-files/d/js/yoda.9a4c52777ab29de6.js, line 3: WEBGL_debug_renderer_info is deprecated in Firefox and will be removed. Please use RENDERER.
JavaScript warning: https://s3plus.meituan.net/static-prod01/com.sankuai.secfe.yoda-files/d/js/yoda.9a4c52777ab29de6.js, line 3: WEBGL_debug_renderer_info is deprecated in Firefox and will be removed. Please use RENDERER.
JavaScript warning: https://s3plus.meituan.net/static-prod01/com.sankuai.secfe.yoda-files/d/js/slider.3fd4a17a06.js, line 1: WEBGL_debug_renderer_info is deprecated in Firefox and will be removed. Please use RENDERER.
JavaScript warning: https://s3plus.meituan.net/static-prod01/com.sankuai.secfe.yoda-files/d/js/slider.3fd4a17a06.js, line 1: WEBGL_debug_renderer_info is deprecated in Firefox and will be removed. Please use RENDERER.
JavaScript warning: https://s3plus.meituan.net/static-prod01/com.sankuai.secfe.yoda-files/d/js/slider.3fd4a17a06.js, line 1: WEBGL_debug_renderer_info is deprecated in Firefox and will be removed. Please use RENDERER.
JavaScript warning: https://s3plus.meituan.net/static-prod01/com.sankuai.secfe.yoda-files/d/js/slider.3fd4a17a06.js, line 1: WEBGL_debug_renderer_info is deprecated in Firefox and will be removed. Please use RENDERER.
JavaScript warning: https://s3plus.meituan.net/static-prod01/com.sankuai.secfe.yoda-files/d/js/slider.3fd4a17a06.js, line 1: WEBGL_debug_renderer_info is deprecated in Firefox and will be removed. Please use RENDERER.
JavaScript error: , line 0: AbortError: The operation was aborted. 
1664155678148	Marionette	INFO	Stopped listening on port 1047
console.warn: TopSitesFeed: Failed to fetch data from Contile server: NetworkError when attempting to fetch resource.
[Parent 18708, IPC I/O Parent] WARNING: file /builds/worker/checkouts/gecko/ipc/chromium/src/base/process_util_win.cc:167
[Parent 18708, IPC I/O Parent] WARNING: file /builds/worker/checkouts/gecko/ipc/chromium/src/base/process_util_win.cc:167
